# JRE version: OpenJDK Runtime Environment (8.0_242-b01) (build 1.8.0_242-release-1644-b01)
# Java VM: OpenJDK 64-Bit Server VM (25.242-b01 mixed mode windows-amd64 compressed oops)
Heap:
 PSYoungGen      total 453120K, used 7019K [0x00000000e0000000, 0x00000000ff680000, 0x0000000100000000)
  eden space 389632K, 0% used [0x00000000e0000000,0x00000000e0000000,0x00000000f7c80000)
  from space 63488K, 11% used [0x00000000fb800000,0x00000000fbedad80,0x00000000ff600000)
  to   space 60928K, 0% used [0x00000000f7c80000,0x00000000f7c80000,0x00000000fb800000)
 ParOldGen       total 229376K, used 213994K [0x00000000a0000000, 0x00000000ae000000, 0x00000000e0000000)
  object space 229376K, 93% used [0x00000000a0000000,0x00000000ad0fab28,0x00000000ae000000)
 Metaspace       used 136281K, capacity 142754K, committed 143536K, reserved 1173504K
  class space    used 17677K, capacity 18863K, committed 19120K, reserved 1048576K
GC Heap History (10 events):
Event: 132.000 GC heap after
Heap after GC invocations=63 (full 5):
 PSYoungGen      total 439808K, used 8978K [0x00000000e0000000, 0x00000000ff680000, 0x0000000100000000)
  eden space 364544K, 0% used [0x00000000e0000000,0x00000000e0000000,0x00000000f6400000)
  from space 75264K, 11% used [0x00000000fad00000,0x00000000fb5c49d0,0x00000000ff680000)
  to   space 74752K, 0% used [0x00000000f6400000,0x00000000f6400000,0x00000000fad00000)
 ParOldGen       total 229376K, used 191012K [0x00000000a0000000, 0x00000000ae000000, 0x00000000e0000000)
  object space 229376K, 83% used [0x00000000a0000000,0x00000000aba890d0,0x00000000ae000000)
 Metaspace       used 135003K, capacity 141338K, committed 142384K, reserved 1173504K
  class space    used 17492K, capacity 18675K, committed 18992K, reserved 1048576K
}
Event: 136.260 GC heap before
{Heap before GC invocations=64 (full 5):
 PSYoungGen      total 439808K, used 373522K [0x00000000e0000000, 0x00000000ff680000, 0x0000000100000000)
  eden space 364544K, 100% used [0x00000000e0000000,0x00000000f6400000,0x00000000f6400000)
  from space 75264K, 11% used [0x00000000fad00000,0x00000000fb5c49d0,0x00000000ff680000)
  to   space 74752K, 0% used [0x00000000f6400000,0x00000000f6400000,0x00000000fad00000)
 ParOldGen       total 229376K, used 191012K [0x00000000a0000000, 0x00000000ae000000, 0x00000000e0000000)
  object space 229376K, 83% used [0x00000000a0000000,0x00000000aba890d0,0x00000000ae000000)
 Metaspace       used 135613K, capacity 142076K, committed 142896K, reserved 1173504K
  class space    used 17587K, capacity 18772K, committed 18992K, reserved 1048576K
Event: 136.348 GC heap after
Heap after GC invocations=64 (full 5):
 PSYoungGen      total 439296K, used 11694K [0x00000000e0000000, 0x00000000ff880000, 0x0000000100000000)
  eden space 364544K, 0% used [0x00000000e0000000,0x00000000e0000000,0x00000000f6400000)
  from space 74752K, 15% used [0x00000000f6400000,0x00000000f6f6bb50,0x00000000fad00000)
  to   space 71168K, 0% used [0x00000000fb300000,0x00000000fb300000,0x00000000ff880000)
 ParOldGen       total 229376K, used 197845K [0x00000000a0000000, 0x00000000ae000000, 0x00000000e0000000)
  object space 229376K, 86% used [0x00000000a0000000,0x00000000ac135548,0x00000000ae000000)
 Metaspace       used 135613K, capacity 142076K, committed 142896K, reserved 1173504K
  class space    used 17587K, capacity 18772K, committed 18992K, reserved 1048576K
}
Event: 160.445 GC heap before
{Heap before GC invocations=65 (full 5):
 PSYoungGen      total 439296K, used 376238K [0x00000000e0000000, 0x00000000ff880000, 0x0000000100000000)
  eden space 364544K, 100% used [0x00000000e0000000,0x00000000f6400000,0x00000000f6400000)
  from space 74752K, 15% used [0x00000000f6400000,0x00000000f6f6bb50,0x00000000fad00000)
  to   space 71168K, 0% used [0x00000000fb300000,0x00000000fb300000,0x00000000ff880000)
 ParOldGen       total 229376K, used 197845K [0x00000000a0000000, 0x00000000ae000000, 0x00000000e0000000)
  object space 229376K, 86% used [0x00000000a0000000,0x00000000ac135548,0x00000000ae000000)
 Metaspace       used 136013K, capacity 142496K, committed 143280K, reserved 1173504K
  class space    used 17650K, capacity 18826K, committed 19120K, reserved 1048576K
Event: 160.578 GC heap after
Heap after GC invocations=65 (full 5):
 PSYoungGen      total 446464K, used 6372K [0x00000000e0000000, 0x00000000ff680000, 0x0000000100000000)
  eden space 377344K, 0% used [0x00000000e0000000,0x00000000e0000000,0x00000000f7080000)
  from space 69120K, 9% used [0x00000000fb300000,0x00000000fb939288,0x00000000ff680000)
  to   space 68096K, 0% used [0x00000000f7080000,0x00000000f7080000,0x00000000fb300000)
 ParOldGen       total 229376K, used 200774K [0x00000000a0000000, 0x00000000ae000000, 0x00000000e0000000)
  object space 229376K, 87% used [0x00000000a0000000,0x00000000ac411a80,0x00000000ae000000)
 Metaspace       used 136013K, capacity 142496K, committed 143280K, reserved 1173504K
  class space    used 17650K, capacity 18826K, committed 19120K, reserved 1048576K
}
Event: 161.832 GC heap before
{Heap before GC invocations=66 (full 5):
 PSYoungGen      total 446464K, used 383716K [0x00000000e0000000, 0x00000000ff680000, 0x0000000100000000)
  eden space 377344K, 100% used [0x00000000e0000000,0x00000000f7080000,0x00000000f7080000)
  from space 69120K, 9% used [0x00000000fb300000,0x00000000fb939288,0x00000000ff680000)
  to   space 68096K, 0% used [0x00000000f7080000,0x00000000f7080000,0x00000000fb300000)
 ParOldGen       total 229376K, used 200774K [0x00000000a0000000, 0x00000000ae000000, 0x00000000e0000000)
  object space 229376K, 87% used [0x00000000a0000000,0x00000000ac411a80,0x00000000ae000000)
 Metaspace       used 136028K, capacity 142500K, committed 143280K, reserved 1173504K
  class space    used 17650K, capacity 18826K, committed 19120K, reserved 1048576K
Event: 161.975 GC heap after
Heap after GC invocations=66 (full 5):
 PSYoungGen      total 445440K, used 17799K [0x00000000e0000000, 0x00000000ff600000, 0x0000000100000000)
  eden space 377344K, 0% used [0x00000000e0000000,0x00000000e0000000,0x00000000f7080000)
  from space 68096K, 26% used [0x00000000f7080000,0x00000000f81e1ee8,0x00000000fb300000)
  to   space 63488K, 0% used [0x00000000fb800000,0x00000000fb800000,0x00000000ff600000)
 ParOldGen       total 229376K, used 200774K [0x00000000a0000000, 0x00000000ae000000, 0x00000000e0000000)
  object space 229376K, 87% used [0x00000000a0000000,0x00000000ac411a80,0x00000000ae000000)
 Metaspace       used 136028K, capacity 142500K, committed 143280K, reserved 1173504K
  class space    used 17650K, capacity 18826K, committed 19120K, reserved 1048576K
}
Event: 162.461 GC heap before
{Heap before GC invocations=67 (full 5):
 PSYoungGen      total 445440K, used 395143K [0x00000000e0000000, 0x00000000ff600000, 0x0000000100000000)
  eden space 377344K, 100% used [0x00000000e0000000,0x00000000f7080000,0x00000000f7080000)
  from space 68096K, 26% used [0x00000000f7080000,0x00000000f81e1ee8,0x00000000fb300000)
  to   space 63488K, 0% used [0x00000000fb800000,0x00000000fb800000,0x00000000ff600000)
 ParOldGen       total 229376K, used 200774K [0x00000000a0000000, 0x00000000ae000000, 0x00000000e0000000)
  object space 229376K, 87% used [0x00000000a0000000,0x00000000ac411a80,0x00000000ae000000)
 Metaspace       used 136281K, capacity 142754K, committed 143536K, reserved 1173504K
  class space    used 17677K, capacity 18863K, committed 19120K, reserved 1048576K
Event: 162.570 GC heap after
Heap after GC invocations=67 (full 5):
 PSYoungGen      total 453120K, used 7019K [0x00000000e0000000, 0x00000000ff680000, 0x0000000100000000)
  eden space 389632K, 0% used [0x00000000e0000000,0x00000000e0000000,0x00000000f7c80000)
  from space 63488K, 11% used [0x00000000fb800000,0x00000000fbedad80,0x00000000ff600000)
  to   space 60928K, 0% used [0x00000000f7c80000,0x00000000f7c80000,0x00000000fb800000)
 ParOldGen       total 229376K, used 213994K [0x00000000a0000000, 0x00000000ae000000, 0x00000000e0000000)
  object space 229376K, 93% used [0x00000000a0000000,0x00000000ad0fab28,0x00000000ae000000)
 Metaspace       used 136281K, capacity 142754K, committed 143536K, reserved 1173504K
  class space    used 17677K, capacity 18863K, committed 19120K, reserved 1048576K
}
Event: 162.570 GC heap before
{Heap before GC invocations=68 (full 6):
 PSYoungGen      total 453120K, used 7019K [0x00000000e0000000, 0x00000000ff680000, 0x0000000100000000)
  eden space 389632K, 0% used [0x00000000e0000000,0x00000000e0000000,0x00000000f7c80000)
  from space 63488K, 11% used [0x00000000fb800000,0x00000000fbedad80,0x00000000ff600000)
  to   space 60928K, 0% used [0x00000000f7c80000,0x00000000f7c80000,0x00000000fb800000)
 ParOldGen       total 229376K, used 213994K [0x00000000a0000000, 0x00000000ae000000, 0x00000000e0000000)
  object space 229376K, 93% used [0x00000000a0000000,0x00000000ad0fab28,0x00000000ae000000)
 Metaspace       used 136281K, capacity 142754K, committed 143536K, reserved 1173504K
  class space    used 17677K, capacity 18863K, committed 19120K, reserved 1048576K

